<?xml version="1.0" encoding="UTF-8"?>
<!-- Generated by org.testng.reporters.JUnitReportReporter -->
<testsuite hostname="Surendhar-PC" failures="0" tests="2" name="testScripts.TestScripts" time="5.849" errors="0" timestamp="23 Jan 2024 14:05:59 GMT">
  <testcase classname="testScripts.TestScripts" name="loginTest" time="2.779"/>
  <testcase classname="testScripts.TestScripts" name="signupTest" time="3.070"/>
</testsuite> <!-- testScripts.TestScripts -->
